<?xml version="1.0" encoding="UTF-8"?>
<!-- Generated by org.testng.reporters.JUnitReportReporter -->
<testsuite hostname="deepika" name="org.sample.ParameterTest" tests="1" failures="0" timestamp="23 Sep 2013 17:45:38 GMT" time="9.996" errors="0">
  <testcase name="testExecMethod" time="9.996" classname="org.sample.ParameterTest"/>
</testsuite> <!-- org.sample.ParameterTest -->
