<?xml version="1.0" encoding="UTF-8"?>
<!-- Generated by org.testng.reporters.JUnitReportReporter -->
<testsuite hostname="deepika" name="org.sample.App" tests="1" failures="0" timestamp="24 Jul 2013 17:06:31 GMT" time="39.452" errors="0">
  <testcase name="f" time="39.452" classname="org.sample.App"/>
</testsuite> <!-- org.sample.App -->
