<?xml version="1.0" encoding="UTF-8"?>
<!-- Generated by org.testng.reporters.JUnitReportReporter -->
<testsuite hostname="deepika" name="org.sample.ParameterTest" tests="1" failures="0" timestamp="14 Oct 2013 12:20:41 GMT" time="12.219" errors="0">
  <testcase name="testExecMethod" time="12.219" classname="org.sample.ParameterTest"/>
</testsuite> <!-- org.sample.ParameterTest -->
