<?xml version="1.0" encoding="UTF-8"?>
<!-- Generated by org.testng.reporters.JUnitReportReporter -->
<testsuite hostname="deepika" name="org.sample.ParameterTest" tests="1" failures="0" timestamp="13 Oct 2013 05:38:01 GMT" time="14.456" errors="0">
  <testcase name="testExecMethod" time="14.456" classname="org.sample.ParameterTest"/>
</testsuite> <!-- org.sample.ParameterTest -->
