<?xml version="1.0" encoding="UTF-8"?>
<!-- Generated by org.testng.reporters.JUnitReportReporter -->
<testsuite hostname="deepika" name="org.sample.ParameterTest" tests="1" failures="0" timestamp="8 Dec 2013 04:08:53 GMT" time="0.237" errors="0">
  <testcase name="testExecMethod" time="0.237" classname="org.sample.ParameterTest"/>
</testsuite> <!-- org.sample.ParameterTest -->
