<?xml version="1.0" encoding="UTF-8"?>
<!-- Generated by org.testng.reporters.JUnitReportReporter -->
<testsuite hostname="deepika" name="org.sample.ParameterTest" tests="1" failures="0" timestamp="5 Oct 2013 07:39:31 GMT" time="19.209" errors="0">
  <testcase name="testExecMethod" time="19.209" classname="org.sample.ParameterTest"/>
</testsuite> <!-- org.sample.ParameterTest -->
