<?xml version="1.0" encoding="UTF-8"?>
<!-- Generated by org.testng.reporters.JUnitReportReporter -->
<testsuite hostname="PC149209" name="org.sample.ParameterTest" tests="1" failures="0" timestamp="8 Oct 2013 07:30:37 GMT" time="21.423" errors="0">
  <testcase name="testExecMethod" time="21.423" classname="org.sample.ParameterTest"/>
</testsuite> <!-- org.sample.ParameterTest -->
