<?xml version="1.0" encoding="UTF-8"?>
<!-- Generated by org.testng.reporters.JUnitReportReporter -->
<testsuite hostname="deepika" name="org.sample.NewTest" tests="1" failures="0" timestamp="7 Sep 2013 23:59:38 GMT" time="0.016" errors="0">
  <testcase name="parameterIntTest" time="0.016" classname="org.sample.NewTest"/>
</testsuite> <!-- org.sample.NewTest -->
