<?xml version="1.0" encoding="UTF-8"?>
<!-- Generated by org.testng.reporters.JUnitReportReporter -->
<testsuite hostname="deepika" name="org.sample.ParameterTest" tests="1" failures="0" timestamp="4 Oct 2013 10:14:14 GMT" time="13.159" errors="0">
  <testcase name="testExecMethod" time="13.159" classname="org.sample.ParameterTest"/>
</testsuite> <!-- org.sample.ParameterTest -->
