<?xml version="1.0" encoding="UTF-8"?>
<!-- Generated by org.testng.reporters.JUnitReportReporter -->
<testsuite hostname="deepika" name="org.sample.ParameterTest" tests="3" failures="0" timestamp="24 Sep 2013 06:52:37 GMT" time="20.884" errors="0">
  <testcase name="testExecMethod" time="7.767" classname="org.sample.ParameterTest"/>
  <testcase name="testExecMethod" time="9.801" classname="org.sample.ParameterTest"/>
  <testcase name="testExecMethod" time="3.316" classname="org.sample.ParameterTest"/>
</testsuite> <!-- org.sample.ParameterTest -->
