<?xml version="1.0" encoding="UTF-8"?>
<!-- Generated by org.testng.reporters.JUnitReportReporter -->
<testsuite hostname="PC149209" name="org.sample.ParameterTest" tests="3" failures="0" timestamp="1 Oct 2013 09:28:42 GMT" time="22.374" errors="0">
  <testcase name="testExecMethod" time="6.373" classname="org.sample.ParameterTest"/>
  <testcase name="testExecMethod" time="12.602" classname="org.sample.ParameterTest"/>
  <testcase name="testExecMethod" time="3.399" classname="org.sample.ParameterTest"/>
</testsuite> <!-- org.sample.ParameterTest -->
