<?xml version="1.0" encoding="UTF-8"?>
<!-- Generated by org.testng.reporters.JUnitReportReporter -->
<testsuite hostname="deepika" name="org.sample.ParameterTest" tests="1" failures="0" timestamp="25 Sep 2013 18:19:05 GMT" time="6.497" errors="0">
  <testcase name="testExecMethod" time="6.497" classname="org.sample.ParameterTest"/>
</testsuite> <!-- org.sample.ParameterTest -->
