<?xml version="1.0" encoding="UTF-8"?>
<!-- Generated by org.testng.reporters.JUnitReportReporter -->
<testsuite hostname="deepika" name="org.sample.test1" tests="2" failures="0" timestamp="1 Sep 2013 11:01:24 GMT" time="0.018" errors="0">
  <testcase name="parameterIntTest" time="0.001" classname="org.sample.test1"/>
  <testcase name="parameterIntTest" time="0.017" classname="org.sample.test1"/>
</testsuite> <!-- org.sample.test1 -->
