<?xml version="1.0" encoding="UTF-8"?>
<!-- Generated by org.testng.reporters.JUnitReportReporter -->
<testsuite hostname="deepika" name="org.sample.ParameterTest" tests="1" failures="0" timestamp="24 Sep 2013 18:37:22 GMT" time="80.853" errors="0">
  <testcase name="testExecMethod" time="80.853" classname="org.sample.ParameterTest"/>
</testsuite> <!-- org.sample.ParameterTest -->
