<?xml version="1.0" encoding="UTF-8"?>
<!-- Generated by org.testng.reporters.JUnitReportReporter -->
<testsuite hostname="deepika" name="org.sample.ParameterTest" tests="4" failures="0" timestamp="24 Sep 2013 11:07:44 GMT" time="18.592" errors="0">
  <testcase name="testExecMethod" time="7.683" classname="org.sample.ParameterTest"/>
  <testcase name="testExecMethod" time="0.015" classname="org.sample.ParameterTest"/>
  <testcase name="testExecMethod" time="6.387" classname="org.sample.ParameterTest"/>
  <testcase name="testExecMethod" time="4.507" classname="org.sample.ParameterTest"/>
</testsuite> <!-- org.sample.ParameterTest -->
