<?xml version="1.0" encoding="UTF-8"?>
<!-- Generated by org.testng.reporters.JUnitReportReporter -->
<testsuite hostname="deepika" name="org.sample.ParameterTest" tests="1" failures="0" timestamp="2 Dec 2013 17:22:52 GMT" time="15.525" errors="0">
  <testcase name="testExecMethod" time="15.525" classname="org.sample.ParameterTest"/>
</testsuite> <!-- org.sample.ParameterTest -->
