<?xml version="1.0" encoding="UTF-8"?>
<!-- Generated by org.testng.reporters.JUnitReportReporter -->
<testsuite hostname="deepika" name="org.sample.ParameterTest" tests="3" failures="0" timestamp="24 Sep 2013 06:38:42 GMT" time="31.164" errors="0">
  <testcase name="testExecMethod" time="14.718" classname="org.sample.ParameterTest"/>
  <testcase name="testExecMethod" time="3.691" classname="org.sample.ParameterTest"/>
  <testcase name="testExecMethod" time="12.755" classname="org.sample.ParameterTest"/>
</testsuite> <!-- org.sample.ParameterTest -->
