<?xml version="1.0" encoding="UTF-8"?>
<!-- Generated by org.testng.reporters.JUnitReportReporter -->
<testsuite hostname="deepika" name="org.sample.ParameterTest" tests="1" failures="0" timestamp="19 Sep 2013 17:58:35 GMT" time="35.704" errors="0">
  <testcase name="testExecMethod" time="35.704" classname="org.sample.ParameterTest"/>
</testsuite> <!-- org.sample.ParameterTest -->
