<?xml version="1.0" encoding="UTF-8" ?>
<testsuite failures="0" time="33.027" errors="0" skipped="0" tests="3" name="TestSuite">
  <properties>
    <property name="java.runtime.name" value="Java(TM) SE Runtime Environment"/>
    <property name="sun.boot.library.path" value="/usr/lib/jvm/jdk1.7.0_21/jre/lib/i386"/>
    <property name="java.vm.version" value="23.21-b01"/>
    <property name="java.vm.vendor" value="Oracle Corporation"/>
    <property name="java.vendor.url" value="http://java.oracle.com/"/>
    <property name="path.separator" value=":"/>
    <property name="java.vm.name" value="Java HotSpot(TM) Server VM"/>
    <property name="file.encoding.pkg" value="sun.io"/>
    <property name="user.country" value="IN"/>
    <property name="sun.java.launcher" value="SUN_STANDARD"/>
    <property name="sun.os.patch.level" value="unknown"/>
    <property name="java.vm.specification.name" value="Java Virtual Machine Specification"/>
    <property name="user.dir" value="/home/deepika/PersonalSoftware/gitRepo/dsl4java/SampleProject"/>
    <property name="java.runtime.version" value="1.7.0_21-b11"/>
    <property name="java.awt.graphicsenv" value="sun.awt.X11GraphicsEnvironment"/>
    <property name="basedir" value="/home/deepika/PersonalSoftware/gitRepo/dsl4java/SampleProject"/>
    <property name="java.endorsed.dirs" value="/usr/lib/jvm/jdk1.7.0_21/jre/lib/endorsed"/>
    <property name="os.arch" value="i386"/>
    <property name="surefire.real.class.path" value="/tmp/surefirebooter448852058774070826.jar"/>
    <property name="java.io.tmpdir" value="/tmp"/>
    <property name="line.separator" value="
"/>
    <property name="java.vm.specification.vendor" value="Oracle Corporation"/>
    <property name="os.name" value="Linux"/>
    <property name="sun.jnu.encoding" value="UTF-8"/>
    <property name="java.library.path" value="/usr/java/packages/lib/i386:/lib:/usr/lib"/>
    <property name="surefire.test.class.path" value="/home/deepika/PersonalSoftware/gitRepo/dsl4java/SampleProject/target/test-classes:/home/deepika/PersonalSoftware/gitRepo/dsl4java/SampleProject/target/classes:/home/deepika/.m2/repository/junit/junit/3.8.1/junit-3.8.1.jar:/home/deepika/.m2/repository/org/selenium/SeleniumProcessorLib/1.0-SNAPSHOT/SeleniumProcessorLib-1.0-SNAPSHOT.jar:/home/deepika/.m2/repository/org/seleniumhq/selenium/selenium-java/2.33.0/selenium-java-2.33.0.jar:/home/deepika/.m2/repository/org/seleniumhq/selenium/selenium-android-driver/2.33.0/selenium-android-driver-2.33.0.jar:/home/deepika/.m2/repository/org/seleniumhq/selenium/selenium-remote-driver/2.33.0/selenium-remote-driver-2.33.0.jar:/home/deepika/.m2/repository/cglib/cglib-nodep/2.1_3/cglib-nodep-2.1_3.jar:/home/deepika/.m2/repository/org/json/json/20080701/json-20080701.jar:/home/deepika/.m2/repository/org/seleniumhq/selenium/selenium-chrome-driver/2.33.0/selenium-chrome-driver-2.33.0.jar:/home/deepika/.m2/repository/org/seleniumhq/selenium/selenium-htmlunit-driver/2.33.0/selenium-htmlunit-driver-2.33.0.jar:/home/deepika/.m2/repository/net/sourceforge/htmlunit/htmlunit/2.12/htmlunit-2.12.jar:/home/deepika/.m2/repository/xalan/xalan/2.7.1/xalan-2.7.1.jar:/home/deepika/.m2/repository/xalan/serializer/2.7.1/serializer-2.7.1.jar:/home/deepika/.m2/repository/commons-collections/commons-collections/3.2.1/commons-collections-3.2.1.jar:/home/deepika/.m2/repository/org/apache/commons/commons-lang3/3.1/commons-lang3-3.1.jar:/home/deepika/.m2/repository/org/apache/httpcomponents/httpmime/4.2.3/httpmime-4.2.3.jar:/home/deepika/.m2/repository/net/sourceforge/htmlunit/htmlunit-core-js/2.12/htmlunit-core-js-2.12.jar:/home/deepika/.m2/repository/xerces/xercesImpl/2.10.0/xercesImpl-2.10.0.jar:/home/deepika/.m2/repository/net/sourceforge/nekohtml/nekohtml/1.9.18/nekohtml-1.9.18.jar:/home/deepika/.m2/repository/net/sourceforge/cssparser/cssparser/0.9.9/cssparser-0.9.9.jar:/home/deepika/.m2/repository/org/w3c/css/sac/1.3/sac-1.3.jar:/home/deepika/.m2/repository/org/eclipse/jetty/jetty-websocket/8.1.9.v20130131/jetty-websocket-8.1.9.v20130131.jar:/home/deepika/.m2/repository/org/eclipse/jetty/jetty-util/8.1.9.v20130131/jetty-util-8.1.9.v20130131.jar:/home/deepika/.m2/repository/org/eclipse/jetty/jetty-io/8.1.9.v20130131/jetty-io-8.1.9.v20130131.jar:/home/deepika/.m2/repository/org/eclipse/jetty/jetty-http/8.1.9.v20130131/jetty-http-8.1.9.v20130131.jar:/home/deepika/.m2/repository/org/apache/httpcomponents/httpclient/4.2.1/httpclient-4.2.1.jar:/home/deepika/.m2/repository/org/apache/httpcomponents/httpcore/4.2.1/httpcore-4.2.1.jar:/home/deepika/.m2/repository/org/seleniumhq/selenium/selenium-firefox-driver/2.33.0/selenium-firefox-driver-2.33.0.jar:/home/deepika/.m2/repository/commons-io/commons-io/2.2/commons-io-2.2.jar:/home/deepika/.m2/repository/org/apache/commons/commons-exec/1.1/commons-exec-1.1.jar:/home/deepika/.m2/repository/org/seleniumhq/selenium/selenium-ie-driver/2.33.0/selenium-ie-driver-2.33.0.jar:/home/deepika/.m2/repository/net/java/dev/jna/jna/3.4.0/jna-3.4.0.jar:/home/deepika/.m2/repository/net/java/dev/jna/platform/3.4.0/platform-3.4.0.jar:/home/deepika/.m2/repository/org/seleniumhq/selenium/selenium-iphone-driver/2.33.0/selenium-iphone-driver-2.33.0.jar:/home/deepika/.m2/repository/org/seleniumhq/selenium/selenium-safari-driver/2.33.0/selenium-safari-driver-2.33.0.jar:/home/deepika/.m2/repository/org/seleniumhq/selenium/selenium-support/2.33.0/selenium-support-2.33.0.jar:/home/deepika/.m2/repository/org/seleniumhq/selenium/selenium-api/2.33.0/selenium-api-2.33.0.jar:/home/deepika/.m2/repository/org/webbitserver/webbit/0.4.14/webbit-0.4.14.jar:/home/deepika/.m2/repository/io/netty/netty/3.5.2.Final/netty-3.5.2.Final.jar:/home/deepika/.m2/repository/org/seleniumhq/selenium/selenium-server/2.33.0/selenium-server-2.33.0.jar:/home/deepika/.m2/repository/org/bouncycastle/bcprov-jdk15on/1.48/bcprov-jdk15on-1.48.jar:/home/deepika/.m2/repository/org/bouncycastle/bcpkix-jdk15on/1.48/bcpkix-jdk15on-1.48.jar:/home/deepika/.m2/repository/mx4j/mx4j-tools/3.0.1/mx4j-tools-3.0.1.jar:/home/deepika/.m2/repository/org/mortbay/jetty/servlet-api-2.5/6.1.9/servlet-api-2.5-6.1.9.jar:/home/deepika/.m2/repository/org/seleniumhq/selenium/jetty-repacked/7.6.1/jetty-repacked-7.6.1.jar:/home/deepika/.m2/repository/net/jcip/jcip-annotations/1.0/jcip-annotations-1.0.jar:/home/deepika/.m2/repository/org/dsl/DSLProcessorLib/1.0-SNAPSHOT/DSLProcessorLib-1.0-SNAPSHOT.jar:/home/deepika/.m2/repository/org/reflections/reflections/0.9.9-RC1/reflections-0.9.9-RC1.jar:/home/deepika/.m2/repository/com/google/guava/guava/11.0.2/guava-11.0.2.jar:/home/deepika/.m2/repository/com/google/code/findbugs/jsr305/1.3.9/jsr305-1.3.9.jar:/home/deepika/.m2/repository/org/javassist/javassist/3.16.1-GA/javassist-3.16.1-GA.jar:/home/deepika/.m2/repository/xml-apis/xml-apis/1.4.01/xml-apis-1.4.01.jar:/home/deepika/.m2/repository/org/apache/poi/poi/3.9/poi-3.9.jar:/home/deepika/.m2/repository/commons-codec/commons-codec/1.5/commons-codec-1.5.jar:/home/deepika/.m2/repository/org/apache/poi/poi-scratchpad/3.2-FINAL/poi-scratchpad-3.2-FINAL.jar:/home/deepika/.m2/repository/commons-logging/commons-logging/1.1/commons-logging-1.1.jar:/home/deepika/.m2/repository/log4j/log4j/1.2.13/log4j-1.2.13.jar:/home/deepika/.m2/repository/org/apache/poi/poi-ooxml/3.9/poi-ooxml-3.9.jar:/home/deepika/.m2/repository/org/apache/poi/poi-ooxml-schemas/3.9/poi-ooxml-schemas-3.9.jar:/home/deepika/.m2/repository/org/apache/xmlbeans/xmlbeans/2.3.0/xmlbeans-2.3.0.jar:/home/deepika/.m2/repository/stax/stax-api/1.0.1/stax-api-1.0.1.jar:/home/deepika/.m2/repository/dom4j/dom4j/1.6.1/dom4j-1.6.1.jar:/home/deepika/.m2/repository/org/testng/testng/6.7/testng-6.7.jar:/home/deepika/.m2/repository/org/beanshell/bsh/2.0b4/bsh-2.0b4.jar:/home/deepika/.m2/repository/com/beust/jcommander/1.12/jcommander-1.12.jar:/home/deepika/.m2/repository/org/yaml/snakeyaml/1.6/snakeyaml-1.6.jar:"/>
    <property name="java.specification.name" value="Java Platform API Specification"/>
    <property name="java.class.version" value="51.0"/>
    <property name="sun.management.compiler" value="HotSpot Tiered Compilers"/>
    <property name="os.version" value="3.8.0-26-generic"/>
    <property name="user.home" value="/home/deepika"/>
    <property name="user.timezone" value="Asia/Kolkata"/>
    <property name="java.awt.printerjob" value="sun.print.PSPrinterJob"/>
    <property name="file.encoding" value="UTF-8"/>
    <property name="java.specification.version" value="1.7"/>
    <property name="user.name" value="deepika"/>
    <property name="java.class.path" value="/home/deepika/PersonalSoftware/gitRepo/dsl4java/SampleProject/target/test-classes:/home/deepika/PersonalSoftware/gitRepo/dsl4java/SampleProject/target/classes:/home/deepika/.m2/repository/junit/junit/3.8.1/junit-3.8.1.jar:/home/deepika/.m2/repository/org/selenium/SeleniumProcessorLib/1.0-SNAPSHOT/SeleniumProcessorLib-1.0-SNAPSHOT.jar:/home/deepika/.m2/repository/org/seleniumhq/selenium/selenium-java/2.33.0/selenium-java-2.33.0.jar:/home/deepika/.m2/repository/org/seleniumhq/selenium/selenium-android-driver/2.33.0/selenium-android-driver-2.33.0.jar:/home/deepika/.m2/repository/org/seleniumhq/selenium/selenium-remote-driver/2.33.0/selenium-remote-driver-2.33.0.jar:/home/deepika/.m2/repository/cglib/cglib-nodep/2.1_3/cglib-nodep-2.1_3.jar:/home/deepika/.m2/repository/org/json/json/20080701/json-20080701.jar:/home/deepika/.m2/repository/org/seleniumhq/selenium/selenium-chrome-driver/2.33.0/selenium-chrome-driver-2.33.0.jar:/home/deepika/.m2/repository/org/seleniumhq/selenium/selenium-htmlunit-driver/2.33.0/selenium-htmlunit-driver-2.33.0.jar:/home/deepika/.m2/repository/net/sourceforge/htmlunit/htmlunit/2.12/htmlunit-2.12.jar:/home/deepika/.m2/repository/xalan/xalan/2.7.1/xalan-2.7.1.jar:/home/deepika/.m2/repository/xalan/serializer/2.7.1/serializer-2.7.1.jar:/home/deepika/.m2/repository/commons-collections/commons-collections/3.2.1/commons-collections-3.2.1.jar:/home/deepika/.m2/repository/org/apache/commons/commons-lang3/3.1/commons-lang3-3.1.jar:/home/deepika/.m2/repository/org/apache/httpcomponents/httpmime/4.2.3/httpmime-4.2.3.jar:/home/deepika/.m2/repository/net/sourceforge/htmlunit/htmlunit-core-js/2.12/htmlunit-core-js-2.12.jar:/home/deepika/.m2/repository/xerces/xercesImpl/2.10.0/xercesImpl-2.10.0.jar:/home/deepika/.m2/repository/net/sourceforge/nekohtml/nekohtml/1.9.18/nekohtml-1.9.18.jar:/home/deepika/.m2/repository/net/sourceforge/cssparser/cssparser/0.9.9/cssparser-0.9.9.jar:/home/deepika/.m2/repository/org/w3c/css/sac/1.3/sac-1.3.jar:/home/deepika/.m2/repository/org/eclipse/jetty/jetty-websocket/8.1.9.v20130131/jetty-websocket-8.1.9.v20130131.jar:/home/deepika/.m2/repository/org/eclipse/jetty/jetty-util/8.1.9.v20130131/jetty-util-8.1.9.v20130131.jar:/home/deepika/.m2/repository/org/eclipse/jetty/jetty-io/8.1.9.v20130131/jetty-io-8.1.9.v20130131.jar:/home/deepika/.m2/repository/org/eclipse/jetty/jetty-http/8.1.9.v20130131/jetty-http-8.1.9.v20130131.jar:/home/deepika/.m2/repository/org/apache/httpcomponents/httpclient/4.2.1/httpclient-4.2.1.jar:/home/deepika/.m2/repository/org/apache/httpcomponents/httpcore/4.2.1/httpcore-4.2.1.jar:/home/deepika/.m2/repository/org/seleniumhq/selenium/selenium-firefox-driver/2.33.0/selenium-firefox-driver-2.33.0.jar:/home/deepika/.m2/repository/commons-io/commons-io/2.2/commons-io-2.2.jar:/home/deepika/.m2/repository/org/apache/commons/commons-exec/1.1/commons-exec-1.1.jar:/home/deepika/.m2/repository/org/seleniumhq/selenium/selenium-ie-driver/2.33.0/selenium-ie-driver-2.33.0.jar:/home/deepika/.m2/repository/net/java/dev/jna/jna/3.4.0/jna-3.4.0.jar:/home/deepika/.m2/repository/net/java/dev/jna/platform/3.4.0/platform-3.4.0.jar:/home/deepika/.m2/repository/org/seleniumhq/selenium/selenium-iphone-driver/2.33.0/selenium-iphone-driver-2.33.0.jar:/home/deepika/.m2/repository/org/seleniumhq/selenium/selenium-safari-driver/2.33.0/selenium-safari-driver-2.33.0.jar:/home/deepika/.m2/repository/org/seleniumhq/selenium/selenium-support/2.33.0/selenium-support-2.33.0.jar:/home/deepika/.m2/repository/org/seleniumhq/selenium/selenium-api/2.33.0/selenium-api-2.33.0.jar:/home/deepika/.m2/repository/org/webbitserver/webbit/0.4.14/webbit-0.4.14.jar:/home/deepika/.m2/repository/io/netty/netty/3.5.2.Final/netty-3.5.2.Final.jar:/home/deepika/.m2/repository/org/seleniumhq/selenium/selenium-server/2.33.0/selenium-server-2.33.0.jar:/home/deepika/.m2/repository/org/bouncycastle/bcprov-jdk15on/1.48/bcprov-jdk15on-1.48.jar:/home/deepika/.m2/repository/org/bouncycastle/bcpkix-jdk15on/1.48/bcpkix-jdk15on-1.48.jar:/home/deepika/.m2/repository/mx4j/mx4j-tools/3.0.1/mx4j-tools-3.0.1.jar:/home/deepika/.m2/repository/org/mortbay/jetty/servlet-api-2.5/6.1.9/servlet-api-2.5-6.1.9.jar:/home/deepika/.m2/repository/org/seleniumhq/selenium/jetty-repacked/7.6.1/jetty-repacked-7.6.1.jar:/home/deepika/.m2/repository/net/jcip/jcip-annotations/1.0/jcip-annotations-1.0.jar:/home/deepika/.m2/repository/org/dsl/DSLProcessorLib/1.0-SNAPSHOT/DSLProcessorLib-1.0-SNAPSHOT.jar:/home/deepika/.m2/repository/org/reflections/reflections/0.9.9-RC1/reflections-0.9.9-RC1.jar:/home/deepika/.m2/repository/com/google/guava/guava/11.0.2/guava-11.0.2.jar:/home/deepika/.m2/repository/com/google/code/findbugs/jsr305/1.3.9/jsr305-1.3.9.jar:/home/deepika/.m2/repository/org/javassist/javassist/3.16.1-GA/javassist-3.16.1-GA.jar:/home/deepika/.m2/repository/xml-apis/xml-apis/1.4.01/xml-apis-1.4.01.jar:/home/deepika/.m2/repository/org/apache/poi/poi/3.9/poi-3.9.jar:/home/deepika/.m2/repository/commons-codec/commons-codec/1.5/commons-codec-1.5.jar:/home/deepika/.m2/repository/org/apache/poi/poi-scratchpad/3.2-FINAL/poi-scratchpad-3.2-FINAL.jar:/home/deepika/.m2/repository/commons-logging/commons-logging/1.1/commons-logging-1.1.jar:/home/deepika/.m2/repository/log4j/log4j/1.2.13/log4j-1.2.13.jar:/home/deepika/.m2/repository/org/apache/poi/poi-ooxml/3.9/poi-ooxml-3.9.jar:/home/deepika/.m2/repository/org/apache/poi/poi-ooxml-schemas/3.9/poi-ooxml-schemas-3.9.jar:/home/deepika/.m2/repository/org/apache/xmlbeans/xmlbeans/2.3.0/xmlbeans-2.3.0.jar:/home/deepika/.m2/repository/stax/stax-api/1.0.1/stax-api-1.0.1.jar:/home/deepika/.m2/repository/dom4j/dom4j/1.6.1/dom4j-1.6.1.jar:/home/deepika/.m2/repository/org/testng/testng/6.7/testng-6.7.jar:/home/deepika/.m2/repository/org/beanshell/bsh/2.0b4/bsh-2.0b4.jar:/home/deepika/.m2/repository/com/beust/jcommander/1.12/jcommander-1.12.jar:/home/deepika/.m2/repository/org/yaml/snakeyaml/1.6/snakeyaml-1.6.jar:"/>
    <property name="java.vm.specification.version" value="1.7"/>
    <property name="sun.arch.data.model" value="32"/>
    <property name="java.home" value="/usr/lib/jvm/jdk1.7.0_21/jre"/>
    <property name="sun.java.command" value="/tmp/surefirebooter448852058774070826.jar /tmp/surefire1216722182304026743tmp /tmp/surefire62961700564101179tmp"/>
    <property name="java.specification.vendor" value="Oracle Corporation"/>
    <property name="user.language" value="en"/>
    <property name="awt.toolkit" value="sun.awt.X11.XToolkit"/>
    <property name="java.vm.info" value="mixed mode"/>
    <property name="java.version" value="1.7.0_21"/>
    <property name="java.ext.dirs" value="/usr/lib/jvm/jdk1.7.0_21/jre/lib/ext:/usr/java/packages/lib/ext"/>
    <property name="sun.boot.class.path" value="/usr/lib/jvm/jdk1.7.0_21/jre/lib/resources.jar:/usr/lib/jvm/jdk1.7.0_21/jre/lib/rt.jar:/usr/lib/jvm/jdk1.7.0_21/jre/lib/sunrsasign.jar:/usr/lib/jvm/jdk1.7.0_21/jre/lib/jsse.jar:/usr/lib/jvm/jdk1.7.0_21/jre/lib/jce.jar:/usr/lib/jvm/jdk1.7.0_21/jre/lib/charsets.jar:/usr/lib/jvm/jdk1.7.0_21/jre/lib/jfr.jar:/usr/lib/jvm/jdk1.7.0_21/jre/classes"/>
    <property name="java.vendor" value="Oracle Corporation"/>
    <property name="localRepository" value="/home/deepika/.m2/repository"/>
    <property name="file.separator" value="/"/>
    <property name="java.vendor.url.bug" value="http://bugreport.sun.com/bugreport/"/>
    <property name="sun.cpu.endian" value="little"/>
    <property name="sun.io.unicode.encoding" value="UnicodeLittle"/>
    <property name="sun.desktop" value="gnome"/>
    <property name="sun.cpu.isalist" value=""/>
  </properties>
  <testcase time="12.776" classname="org.sample.ParameterTest" name="testExecMethod"/>
  <testcase time="3.691" classname="org.sample.ParameterTest" name="testExecMethod"/>
  <testcase time="14.718" classname="org.sample.ParameterTest" name="testExecMethod"/>
</testsuite>